c:\notes\pcbeleg\software\geom\vc2010\release\calc.obj
c:\notes\pcbeleg\software\geom\vc2010\release\draw2.obj
c:\notes\pcbeleg\software\geom\vc2010\release\geom.obj
c:\notes\pcbeleg\software\geom\vc2010\release\memory.obj
c:\notes\pcbeleg\software\geom\vc2010\release\print.obj
c:\notes\pcbeleg\software\geom\vc2010\release\calcrect.obj
c:\notes\pcbeleg\software\geom\vc2010\release\dialogs.obj
c:\notes\pcbeleg\software\geom\vc2010\release\draw.obj
c:\notes\pcbeleg\software\geom\vc2010\release\edit.obj
c:\notes\pcbeleg\software\geom\vc2010\release\help.obj
c:\notes\pcbeleg\software\geom\vc2010\release\movecomp.obj
c:\notes\pcbeleg\software\geom\vc2010\release\calcdef.obj
c:\notes\pcbeleg\software\geom\vc2010\release\draw3.obj
c:\notes\pcbeleg\software\geom\vc2010\release\files.obj
c:\notes\pcbeleg\software\geom\vc2010\release\mainloop.obj
c:\notes\pcbeleg\software\geom\vc2010\release\polygon.obj
c:\notes\pcbeleg\software\geom\vc2010\release\select.obj
c:\notes\pcbeleg\software\geom\vc2010\release\command.obj
c:\notes\pcbeleg\software\geom\vc2010\release\dxf.obj
c:\notes\pcbeleg\software\geom\vc2010\release\graphics.obj
c:\notes\pcbeleg\software\geom\vc2010\release\insdel.obj
c:\notes\pcbeleg\software\geom\vc2010\release\menus.obj
c:\notes\pcbeleg\software\geom\vc2010\release\toets.obj
c:\notes\pcbeleg\software\geom\vc2010\release\vc140.pdb
c:\notes\pcbeleg\software\vc2010\release\geom.exe
c:\notes\pcbeleg\software\vc2010\release\geom.map
c:\notes\pcbeleg\software\vc2010\release\geom.pdb
c:\notes\pcbeleg\software\geom\vc2010\release\geom.res
c:\notes\pcbeleg\software\geom\vc2010\release\geom.tlog\cl.command.1.tlog
c:\notes\pcbeleg\software\geom\vc2010\release\geom.tlog\cl.read.1.tlog
c:\notes\pcbeleg\software\geom\vc2010\release\geom.tlog\cl.write.1.tlog
c:\notes\pcbeleg\software\geom\vc2010\release\geom.tlog\link.command.1.tlog
c:\notes\pcbeleg\software\geom\vc2010\release\geom.tlog\link.read.1.tlog
c:\notes\pcbeleg\software\geom\vc2010\release\geom.tlog\link.write.1.tlog
c:\notes\pcbeleg\software\geom\vc2010\release\geom.tlog\rc.command.1.tlog
c:\notes\pcbeleg\software\geom\vc2010\release\geom.tlog\rc.read.1.tlog
c:\notes\pcbeleg\software\geom\vc2010\release\geom.tlog\rc.write.1.tlog
