c:\notes\pcbeleg\software\functionsc\vc2010\release\calcdiag.obj
c:\notes\pcbeleg\software\functionsc\vc2010\release\ellipss.obj
c:\notes\pcbeleg\software\functionsc\vc2010\release\own_process.obj
c:\notes\pcbeleg\software\functionsc\vc2010\release\utf8.obj
c:\notes\pcbeleg\software\functionsc\vc2010\release\date.obj
c:\notes\pcbeleg\software\functionsc\vc2010\release\owntime.obj
c:\notes\pcbeleg\software\functionsc\vc2010\release\debug.obj
c:\notes\pcbeleg\software\functionsc\vc2010\release\line2.obj
c:\notes\pcbeleg\software\functionsc\vc2010\release\params.obj
c:\notes\pcbeleg\software\functionsc\vc2010\release\rect.obj
c:\notes\pcbeleg\software\functionsc\vc2010\release\calcrect.obj
c:\notes\pcbeleg\software\functionsc\vc2010\release\files2.obj
c:\notes\pcbeleg\software\functionsc\vc2010\release\functionsc.pdb
c:\notes\pcbeleg\software\vc2010\release\functionsc.lib
c:\notes\pcbeleg\software\functionsc\vc2010\release\functionsc.tlog\cl.command.1.tlog
c:\notes\pcbeleg\software\functionsc\vc2010\release\functionsc.tlog\cl.read.1.tlog
c:\notes\pcbeleg\software\functionsc\vc2010\release\functionsc.tlog\cl.write.1.tlog
c:\notes\pcbeleg\software\functionsc\vc2010\release\functionsc.tlog\lib-link.read.1.tlog
c:\notes\pcbeleg\software\functionsc\vc2010\release\functionsc.tlog\lib-link.write.1.tlog
c:\notes\pcbeleg\software\functionsc\vc2010\release\functionsc.tlog\lib.command.1.tlog
