c:\notes\pcbeleg\software\unzip\vc2010\release\api.obj
c:\notes\pcbeleg\software\unzip\vc2010\release\globals.obj
c:\notes\pcbeleg\software\unzip\vc2010\release\match.obj
c:\notes\pcbeleg\software\unzip\vc2010\release\unshrink.obj
c:\notes\pcbeleg\software\unzip\vc2010\release\zipinfo.obj
c:\notes\pcbeleg\software\unzip\vc2010\release\crc32.obj
c:\notes\pcbeleg\software\unzip\vc2010\release\explode.obj
c:\notes\pcbeleg\software\unzip\vc2010\release\inflate.obj
c:\notes\pcbeleg\software\unzip\vc2010\release\nt.obj
c:\notes\pcbeleg\software\unzip\vc2010\release\win32.obj
c:\notes\pcbeleg\software\unzip\vc2010\release\crctab.obj
c:\notes\pcbeleg\software\unzip\vc2010\release\crypt.obj
c:\notes\pcbeleg\software\unzip\vc2010\release\extract.obj
c:\notes\pcbeleg\software\unzip\vc2010\release\list.obj
c:\notes\pcbeleg\software\unzip\vc2010\release\unreduce.obj
c:\notes\pcbeleg\software\unzip\vc2010\release\crc_i386.obj
c:\notes\pcbeleg\software\unzip\vc2010\release\fileio.obj
c:\notes\pcbeleg\software\unzip\vc2010\release\process.obj
c:\notes\pcbeleg\software\unzip\vc2010\release\windll.obj
c:\notes\pcbeleg\software\unzip\vc2010\release\unzip.pdb
c:\notes\pcbeleg\software\vc2010\release\unzip.lib
c:\notes\pcbeleg\software\unzip\vc2010\release\unzip.tlog\cl.command.1.tlog
c:\notes\pcbeleg\software\unzip\vc2010\release\unzip.tlog\cl.read.1.tlog
c:\notes\pcbeleg\software\unzip\vc2010\release\unzip.tlog\cl.write.1.tlog
c:\notes\pcbeleg\software\unzip\vc2010\release\unzip.tlog\lib-link.read.1.tlog
c:\notes\pcbeleg\software\unzip\vc2010\release\unzip.tlog\lib-link.write.1.tlog
c:\notes\pcbeleg\software\unzip\vc2010\release\unzip.tlog\lib.command.1.tlog
