c:\notes\pcbeleg\software\design\vc2010\release\check.obj
c:\notes\pcbeleg\software\design\vc2010\release\files.obj
c:\notes\pcbeleg\software\design\vc2010\release\instance.obj
c:\notes\pcbeleg\software\design\vc2010\release\nets.obj
c:\notes\pcbeleg\software\design\vc2010\release\command.obj
c:\notes\pcbeleg\software\design\vc2010\release\help.obj
c:\notes\pcbeleg\software\design\vc2010\release\mainloop.obj
c:\notes\pcbeleg\software\design\vc2010\release\menus.obj
c:\notes\pcbeleg\software\design\vc2010\release\netlist.obj
c:\notes\pcbeleg\software\design\vc2010\release\pcb.obj
c:\notes\pcbeleg\software\design\vc2010\release\calc.obj
c:\notes\pcbeleg\software\design\vc2010\release\design.obj
c:\notes\pcbeleg\software\design\vc2010\release\mentor.obj
c:\notes\pcbeleg\software\design\vc2010\release\change.obj
c:\notes\pcbeleg\software\design\vc2010\release\memory.obj
c:\notes\pcbeleg\software\design\vc2010\release\vc140.pdb
c:\notes\pcbeleg\software\vc2010\release\design.exe
c:\notes\pcbeleg\software\vc2010\release\design.map
c:\notes\pcbeleg\software\vc2010\release\design.pdb
c:\notes\pcbeleg\software\design\vc2010\release\design.res
c:\notes\pcbeleg\software\design\vc2010\release\design.tlog\cl.command.1.tlog
c:\notes\pcbeleg\software\design\vc2010\release\design.tlog\cl.read.1.tlog
c:\notes\pcbeleg\software\design\vc2010\release\design.tlog\cl.write.1.tlog
c:\notes\pcbeleg\software\design\vc2010\release\design.tlog\link.command.1.tlog
c:\notes\pcbeleg\software\design\vc2010\release\design.tlog\link.read.1.tlog
c:\notes\pcbeleg\software\design\vc2010\release\design.tlog\link.write.1.tlog
c:\notes\pcbeleg\software\design\vc2010\release\design.tlog\rc.command.1.tlog
c:\notes\pcbeleg\software\design\vc2010\release\design.tlog\rc.read.1.tlog
c:\notes\pcbeleg\software\design\vc2010\release\design.tlog\rc.write.1.tlog
