c:\notes\pcbeleg\software\pcb\vc2010\release\calc4.obj
c:\notes\pcbeleg\software\pcb\vc2010\release\calcdef.obj
c:\notes\pcbeleg\software\pcb\vc2010\release\draw.obj
c:\notes\pcbeleg\software\pcb\vc2010\release\draw3.obj
c:\notes\pcbeleg\software\pcb\vc2010\release\edit2.obj
c:\notes\pcbeleg\software\pcb\vc2010\release\gateswap.obj
c:\notes\pcbeleg\software\pcb\vc2010\release\gerber.obj
c:\notes\pcbeleg\software\pcb\vc2010\release\help.obj
c:\notes\pcbeleg\software\pcb\vc2010\release\inputgerber.obj
c:\notes\pcbeleg\software\pcb\vc2010\release\move3.obj
c:\notes\pcbeleg\software\pcb\vc2010\release\odb.obj
c:\notes\pcbeleg\software\pcb\vc2010\release\qspline.obj
c:\notes\pcbeleg\software\pcb\vc2010\release\rules.obj
c:\notes\pcbeleg\software\pcb\vc2010\release\select4.obj
c:\notes\pcbeleg\software\pcb\vc2010\release\trace2.obj
c:\notes\pcbeleg\software\pcb\vc2010\release\trace6.obj
c:\notes\pcbeleg\software\pcb\vc2010\release\calc.obj
c:\notes\pcbeleg\software\pcb\vc2010\release\calcrect.obj
c:\notes\pcbeleg\software\pcb\vc2010\release\dialogs.obj
c:\notes\pcbeleg\software\pcb\vc2010\release\dxf.obj
c:\notes\pcbeleg\software\pcb\vc2010\release\font.obj
c:\notes\pcbeleg\software\pcb\vc2010\release\gerber3.obj
c:\notes\pcbeleg\software\pcb\vc2010\release\graphics.obj
c:\notes\pcbeleg\software\pcb\vc2010\release\insdel.obj
c:\notes\pcbeleg\software\pcb\vc2010\release\menus.obj
c:\notes\pcbeleg\software\pcb\vc2010\release\nets.obj
c:\notes\pcbeleg\software\pcb\vc2010\release\paint.obj
c:\notes\pcbeleg\software\pcb\vc2010\release\plot.obj
c:\notes\pcbeleg\software\pcb\vc2010\release\select.obj
c:\notes\pcbeleg\software\pcb\vc2010\release\select3.obj
c:\notes\pcbeleg\software\pcb\vc2010\release\toets.obj
c:\notes\pcbeleg\software\pcb\vc2010\release\trace3.obj
c:\notes\pcbeleg\software\pcb\vc2010\release\calc3.obj
c:\notes\pcbeleg\software\pcb\vc2010\release\draw2.obj
c:\notes\pcbeleg\software\pcb\vc2010\release\edit.obj
c:\notes\pcbeleg\software\pcb\vc2010\release\files.obj
c:\notes\pcbeleg\software\pcb\vc2010\release\gerber2.obj
c:\notes\pcbeleg\software\pcb\vc2010\release\import.obj
c:\notes\pcbeleg\software\pcb\vc2010\release\mainloop.obj
c:\notes\pcbeleg\software\pcb\vc2010\release\move2.obj
c:\notes\pcbeleg\software\pcb\vc2010\release\nets2.obj
c:\notes\pcbeleg\software\pcb\vc2010\release\odb2.obj
c:\notes\pcbeleg\software\pcb\vc2010\release\pcb.obj
c:\notes\pcbeleg\software\pcb\vc2010\release\print.obj
c:\notes\pcbeleg\software\pcb\vc2010\release\settings.obj
c:\notes\pcbeleg\software\pcb\vc2010\release\trace4.obj
c:\notes\pcbeleg\software\pcb\vc2010\release\uservar.obj
c:\notes\pcbeleg\software\pcb\vc2010\release\calc2.obj
c:\notes\pcbeleg\software\pcb\vc2010\release\calcdiag.obj
c:\notes\pcbeleg\software\pcb\vc2010\release\command.obj
c:\notes\pcbeleg\software\pcb\vc2010\release\edif.obj
c:\notes\pcbeleg\software\pcb\vc2010\release\geomsave.obj
c:\notes\pcbeleg\software\pcb\vc2010\release\memory.obj
c:\notes\pcbeleg\software\pcb\vc2010\release\movecomp.obj
c:\notes\pcbeleg\software\pcb\vc2010\release\polygon.obj
c:\notes\pcbeleg\software\pcb\vc2010\release\select2.obj
c:\notes\pcbeleg\software\pcb\vc2010\release\tar.obj
c:\notes\pcbeleg\software\pcb\vc2010\release\trace5.obj
c:\notes\pcbeleg\software\pcb\vc2010\release\vc140.pdb
c:\notes\pcbeleg\software\vc2010\release\pcb.exe
c:\notes\pcbeleg\software\vc2010\release\pcb.map
c:\notes\pcbeleg\software\vc2010\release\pcb.pdb
c:\notes\pcbeleg\software\pcb\vc2010\release\pcb.res
c:\notes\pcbeleg\software\pcb\vc2010\release\pcb.tlog\cl.command.1.tlog
c:\notes\pcbeleg\software\pcb\vc2010\release\pcb.tlog\cl.read.1.tlog
c:\notes\pcbeleg\software\pcb\vc2010\release\pcb.tlog\cl.write.1.tlog
c:\notes\pcbeleg\software\pcb\vc2010\release\pcb.tlog\link.command.1.tlog
c:\notes\pcbeleg\software\pcb\vc2010\release\pcb.tlog\link.read.1.tlog
c:\notes\pcbeleg\software\pcb\vc2010\release\pcb.tlog\link.write.1.tlog
c:\notes\pcbeleg\software\pcb\vc2010\release\pcb.tlog\rc.command.1.tlog
c:\notes\pcbeleg\software\pcb\vc2010\release\pcb.tlog\rc.read.1.tlog
c:\notes\pcbeleg\software\pcb\vc2010\release\pcb.tlog\rc.write.1.tlog
